<?xml version="1.0" encoding="UTF-8"?>
<!-- Generated by org.testng.reporters.JUnitReportReporter -->
<testsuite hostname="king" failures="0" tests="1" name="RequestSpec.Testsep" time="2.793" errors="0" timestamp="2023-02-24T23:32:16 IST" skipped="0">
  <testcase classname="RequestSpec.Testsep" name="getResponse" time="2.793"/>
  <system-out/>
</testsuite> <!-- RequestSpec.Testsep -->
