<?xml version="1.0" encoding="UTF-8"?>
<!-- Generated by org.testng.reporters.JUnitReportReporter -->
<testsuite hostname="king" failures="0" tests="1" name="RequestSpec.ProductTestApi" time="3.627" errors="0" timestamp="2023-02-26T22:25:50 IST" skipped="0">
  <testcase classname="RequestSpec.ProductTestApi" name="getResponse" time="3.627"/>
  <system-out/>
</testsuite> <!-- RequestSpec.ProductTestApi -->
