<?xml version="1.0" encoding="UTF-8"?>
<!-- Generated by org.testng.reporters.JUnitReportReporter -->
<testsuite hostname="king" failures="0" tests="1" name="RequestSpec.ResponsetoList" time="4.190" errors="0" timestamp="2023-02-26T21:43:29 IST" skipped="0">
  <testcase classname="RequestSpec.ResponsetoList" name="getResp" time="4.190"/>
  <system-out/>
</testsuite> <!-- RequestSpec.ResponsetoList -->
