<?xml version="1.0" encoding="UTF-8"?>
<!-- Generated by org.testng.reporters.JUnitReportReporter -->
<testsuite hostname="king" failures="0" tests="1" name="RequestSpec.test_01" time="3.479" errors="0" timestamp="2023-02-25T00:25:15 IST" skipped="0">
  <testcase classname="RequestSpec.test_01" name="getResp" time="3.479"/>
  <system-out/>
</testsuite> <!-- RequestSpec.test_01 -->
